    1  ls
    2  cd docker-lab/
    3  ls
    4  docker rm
    5  cd ..
    6  ls
    7  mkdir docker-test
    8  ls
    9  cd docker-test/
   10  ls
   11  git connect
   12  git --help
   13  git config --global --help
   14  git config --global user.name Patryk
   15  git logs
   16  git log
   17  git clone https://github.com/PJelon/jpai_kartkowka_gr4.git
   18  ls
   19  cd jpai_kartkowka_gr4/
   20  ls
   21  mv docker Dockerfile
   22  ls
   23  nano package.json 
   24  nano app.js
   25  nano Dockerfile
   26  docker build -t test:v2
   27  docker build -t test:v2 .
   28  docker run -d -p 4532:3000 --name apka test:v2
   29  curl -f http://localhost:4532/
   30  docker rm -f apka
   31  docker rmi test:v2
   32  history | tee docker.log
